-------------------------------------------------------------------------------
Test set: com.example.LibraryCatalogTest
-------------------------------------------------------------------------------
Tests run: 5, Failures: 1, Errors: 0, Skipped: 0, Time elapsed: 0.008 s <<< FAILURE! - in com.example.LibraryCatalogTest
guaranteedFail(com.example.LibraryCatalogTest)  Time elapsed: 0.001 s  <<< FAILURE!
java.lang.AssertionError: THIS TEST MUST FAIL
	at com.example.LibraryCatalogTest.guaranteedFail(LibraryCatalogTest.java:40)

